#-----------------------------------------------------------
# Vivado v2020.2 (64-bit)
# SW Build 3064766 on Wed Nov 18 09:12:47 MST 2020
# IP Build 3064653 on Wed Nov 18 14:17:31 MST 2020
# Start of session at: Tue Jul 13 17:32:22 2021
# Process ID: 392760
# Current directory: /home/dan/src/mlperf-tiny-ebaz4205/hw/build-1
# Command line: vivado ebaz4205_top.xpr
# Log file: /home/dan/src/mlperf-tiny-ebaz4205/hw/build-1/vivado.log
# Journal file: /home/dan/src/mlperf-tiny-ebaz4205/hw/build-1/vivado.jou
#-----------------------------------------------------------
start_gui
open_project ebaz4205_top.xpr
Scanning sources...
Finished scanning sources
INFO: [IP_Flow 19-234] Refreshing IP repositories
INFO: [IP_Flow 19-1700] Loaded user IP repository '/home/dan/src/mlperf-tiny-ebaz4205/hw/IP/DPU-TRD'.
INFO: [IP_Flow 19-2313] Loaded Vivado IP repository '/home/dan/xilinx/Vivado/2020.2/data/ip'.
open_project: Time (s): cpu = 00:00:27 ; elapsed = 00:00:10 . Memory (MB): peak = 7267.836 ; gain = 58.098 ; free physical = 959 ; free virtual = 5691
update_compile_order -fileset sources_1
INFO: [IP_Flow 19-3899] Cannot get the environment domain name variable for the component vendor name. Setting the vendor name to 'user.org'.
open_bd_design {/home/dan/src/mlperf-tiny-ebaz4205/hw/build-1/ebaz4205_top.srcs/sources_1/bd/system/system.bd}
Reading block design file </home/dan/src/mlperf-tiny-ebaz4205/hw/build-1/ebaz4205_top.srcs/sources_1/bd/system/system.bd>...
Adding component instance block -- xilinx.com:ip:processing_system7:5.5 - processing_system7_0
Adding component instance block -- xilinx.com:ip:DPUCZDX8G:3.3 - DPUCZDX8G_0
Successfully read diagram <system> from block design file </home/dan/src/mlperf-tiny-ebaz4205/hw/build-1/ebaz4205_top.srcs/sources_1/bd/system/system.bd>
open_bd_design: Time (s): cpu = 00:00:21 ; elapsed = 00:00:08 . Memory (MB): peak = 8621.414 ; gain = 1261.402 ; free physical = 859 ; free virtual = 5587
startgroup
create_bd_cell -type ip -vlnv xilinx.com:ip:clk_wiz:6.0 clk_wiz_0
FALSE
ERROR: [IP_Flow 19-3188] Error occurred while initializing 'system_clk_wiz_0_0'
Tcl error in update procedure while setting value 'MMCM' on the parameter 'PRIMITIVE'. FALSE

ERROR: [IP_Flow 19-3428] Failed to create Customization object system_clk_wiz_0_0
CRITICAL WARNING: [IP_Flow 19-5622] Failed to create IP instance 'system_clk_wiz_0_0'. Failed to customize IP instance 'system_clk_wiz_0_0'. Failed to load customization data
ERROR: [BD 41-1712] Create IP failed with errors
ERROR: [BD 5-7] Error: running create_bd_cell  -vlnv xilinx.com:ip:clk_wiz:6.0 -type ip -name clk_wiz_0 .
ERROR: [Common 17-39] 'create_bd_cell' failed due to earlier errors.
endgroup
WARNING: [IP_Flow 19-474] Invalid Parameter 'Component_Name'
WARNING: [IP_Flow 19-474] Invalid Parameter 'Component_Name'
startgroup
set_property -dict [list CONFIG.PCW_FPGA1_PERIPHERAL_FREQMHZ {100} CONFIG.PCW_EN_CLK1_PORT {1}] [get_bd_cells processing_system7_0]
endgroup
connect_bd_net [get_bd_pins processing_system7_0/FCLK_CLK1] [get_bd_pins DPUCZDX8G_0/s_axi_aclk]
startgroup
connect_bd_net [get_bd_pins processing_system7_0/FCLK_CLK1] [get_bd_pins processing_system7_0/M_AXI_GP0_ACLK]
endgroup
delete_bd_objs [get_bd_nets processing_system7_0_FCLK_CLK1]
set_property location {1 393 192} [get_bd_cells DPUCZDX8G_0]
set_property location {1 495 213} [get_bd_cells DPUCZDX8G_0]
set_property location {1 493 211} [get_bd_cells DPUCZDX8G_0]
set_property location {1 493 221} [get_bd_cells DPUCZDX8G_0]
startgroup
create_bd_cell -type ip -vlnv xilinx.com:ip:clk_wiz:6.0 clk_wiz_0
FALSE
ERROR: [IP_Flow 19-3188] Error occurred while initializing 'system_clk_wiz_0_0'
Tcl error in update procedure while setting value 'MMCM' on the parameter 'PRIMITIVE'. FALSE

ERROR: [IP_Flow 19-3428] Failed to create Customization object system_clk_wiz_0_0
CRITICAL WARNING: [IP_Flow 19-5622] Failed to create IP instance 'system_clk_wiz_0_0'. Failed to customize IP instance 'system_clk_wiz_0_0'. Failed to load customization data
ERROR: [BD 41-1712] Create IP failed with errors
ERROR: [BD 5-7] Error: running create_bd_cell  -vlnv xilinx.com:ip:clk_wiz:6.0 -type ip -name clk_wiz_0 .
ERROR: [Common 17-39] 'create_bd_cell' failed due to earlier errors.
endgroup
FALSE
ERROR: [IP_Flow 19-3188] Error occurred while initializing 'clk_wiz_0'
Tcl error in update procedure while setting value 'MMCM' on the parameter 'PRIMITIVE'. FALSE

ERROR: [IP_Flow 19-3428] Failed to create Customization object clk_wiz_0
CRITICAL WARNING: [IP_Flow 19-5622] Failed to create IP instance 'clk_wiz_0'. Failed to customize IP instance 'clk_wiz_0'. Failed to load customization data
create_bd_cell -type ip -vlnv xilinx.com:ip:clk_wiz:6.0 clk_wiz_0
FALSE
ERROR: [IP_Flow 19-3188] Error occurred while initializing 'system_clk_wiz_0_0'
Tcl error in update procedure while setting value 'MMCM' on the parameter 'PRIMITIVE'. FALSE

ERROR: [IP_Flow 19-3428] Failed to create Customization object system_clk_wiz_0_0
CRITICAL WARNING: [IP_Flow 19-5622] Failed to create IP instance 'system_clk_wiz_0_0'. Failed to customize IP instance 'system_clk_wiz_0_0'. Failed to load customization data
ERROR: [BD 41-1712] Create IP failed with errors
ERROR: [BD 5-7] Error: running create_bd_cell  -vlnv xilinx.com:ip:clk_wiz:6.0 -type ip -name clk_wiz_0 .
ERROR: [Common 17-39] 'create_bd_cell' failed due to earlier errors.
save_bd_design
Wrote  : </home/dan/src/mlperf-tiny-ebaz4205/hw/build-1/ebaz4205_top.srcs/sources_1/bd/system/system.bd> 
Wrote  : </home/dan/src/mlperf-tiny-ebaz4205/hw/build-1/ebaz4205_top.srcs/sources_1/bd/system/ui/bd_c954508f.ui> 
exit
INFO: [Common 17-206] Exiting Vivado at Tue Jul 13 18:21:36 2021...
