#-----------------------------------------------------------
# Vivado v2020.2 (64-bit)
# SW Build 3064766 on Wed Nov 18 09:12:47 MST 2020
# IP Build 3064653 on Wed Nov 18 14:17:31 MST 2020
# Start of session at: Wed Jul 14 11:43:07 2021
# Process ID: 405174
# Current directory: /home/dan/src/mlperf-tiny-ebaz4205/hw/build-dirty
# Command line: vivado ebaz4205_top.xpr
# Log file: /home/dan/src/mlperf-tiny-ebaz4205/hw/build-dirty/vivado.log
# Journal file: /home/dan/src/mlperf-tiny-ebaz4205/hw/build-dirty/vivado.jou
#-----------------------------------------------------------
start_gui
open_project ebaz4205_top.xpr
INFO: [Project 1-313] Project file moved from '/home/dan/src/mlperf-tiny-ebaz4205/hw/build-1' since last save.
Scanning sources...
Finished scanning sources
INFO: [IP_Flow 19-234] Refreshing IP repositories
INFO: [IP_Flow 19-1700] Loaded user IP repository '/home/dan/src/mlperf-tiny-ebaz4205/hw/IP/DPU-TRD'.
INFO: [IP_Flow 19-2313] Loaded Vivado IP repository '/home/dan/xilinx/Vivado/2020.2/data/ip'.
open_project: Time (s): cpu = 00:00:25 ; elapsed = 00:00:09 . Memory (MB): peak = 7263.289 ; gain = 58.098 ; free physical = 2652 ; free virtual = 7251
INFO: [IP_Flow 19-3899] Cannot get the environment domain name variable for the component vendor name. Setting the vendor name to 'user.org'.
update_compile_order -fileset sources_1
open_bd_design {/home/dan/src/mlperf-tiny-ebaz4205/hw/build-dirty/ebaz4205_top.srcs/sources_1/bd/system/system.bd}
Reading block design file </home/dan/src/mlperf-tiny-ebaz4205/hw/build-dirty/ebaz4205_top.srcs/sources_1/bd/system/system.bd>...
Adding component instance block -- xilinx.com:ip:processing_system7:5.5 - processing_system7_0
Adding component instance block -- xilinx.com:ip:DPUCZDX8G:3.3 - DPUCZDX8G_0
Successfully read diagram <system> from block design file </home/dan/src/mlperf-tiny-ebaz4205/hw/build-dirty/ebaz4205_top.srcs/sources_1/bd/system/system.bd>
open_bd_design: Time (s): cpu = 00:00:23 ; elapsed = 00:00:08 . Memory (MB): peak = 8621.832 ; gain = 1254.953 ; free physical = 2513 ; free virtual = 7120
startgroup
create_bd_cell -type ip -vlnv xilinx.com:ip:clk_wiz:6.0 clk_wiz_0
endgroup
FALSE
FALSE
missing operand at _@_
in expression "650 / (_@_*1.0)"
missing operand at _@_
in expression "650 / (_@_*1.0)"
missing operand at _@_
in expression "650 / (_@_*1.0)"
missing operand at _@_
in expression "650 / (_@_*1.0)"
missing operand at _@_
in expression "650 / (_@_*1.0)"
missing operand at _@_
in expression "650 / (_@_*1.0)"
missing operand at _@_
in expression "650 / (_@_*1.0)"
missing operand at _@_
in expression "650 / (_@_*1.0)"
missing operand at _@_
in expression "650 / (_@_*1.0)"
missing operand at _@_
in expression "650 / (_@_*1.0)"
missing operand at _@_
in expression "650 / (_@_*1.0)"
missing operand at _@_
in expression "650 / (_@_*1.0)"
missing operand at _@_
in expression "650 / (_@_*1.0)"
missing operand at _@_
in expression "650 / (_@_*1.0)"
missing operand at _@_
in expression "650 / (_@_*1.0)"
missing operand at _@_
in expression "650 / (_@_*1.0)"
missing operand at _@_
in expression "650 / (_@_*1.0)"
missing operand at _@_
in expression "650 / (_@_*1.0)"
missing operand at _@_
in expression "650 / (_@_*1.0)"
missing operand at _@_
in expression "650 / (_@_*1.0)"
missing operand at _@_
in expression "650 / (_@_*1.0)"
missing operand at _@_
in expression "650 / (_@_*1.0)"
missing operand at _@_
in expression "650 / (_@_*1.0)"
missing operand at _@_
in expression "650 / (_@_*1.0)"
missing operand at _@_
in expression "650 / (_@_*1.0)"
missing operand at _@_
in expression "650 / (_@_*1.0)"
missing operand at _@_
in expression "650 / (_@_*1.0)"
missing operand at _@_
in expression "650 / (_@_*1.0)"
missing operand at _@_
in expression "650 / (_@_*1.0)"
missing operand at _@_
in expression "650 / (_@_*1.0)"
missing operand at _@_
in expression "650 / (_@_*1.0)"
missing operand at _@_
in expression "650 / (_@_*1.0)"
missing operand at _@_
in expression "650 / (_@_*1.0)"
missing operand at _@_
in expression "650 / (_@_*1.0)"
missing operand at _@_
in expression "650 / (_@_*1.0)"
missing operand at _@_
in expression "650 / (_@_*1.0)"
missing operand at _@_
in expression "650 / (_@_*1.0)"
missing operand at _@_
in expression "650 / (_@_*1.0)"
missing operand at _@_
in expression "650 / (_@_*1.0)"
missing operand at _@_
in expression "650 / (_@_*1.0)"
missing operand at _@_
in expression "650 / (_@_*1.0)"
missing operand at _@_
in expression "650 / (_@_*1.0)"
missing operand at _@_
in expression "650 / (_@_*1.0)"
missing operand at _@_
in expression "650 / (_@_*1.0)"
missing operand at _@_
in expression "650 / (_@_*1.0)"
missing operand at _@_
in expression "650 / (_@_*1.0)"
missing operand at _@_
in expression "650 / (_@_*1.0)"
missing operand at _@_
in expression "650 / (_@_*1.0)"
missing operand at _@_
in expression "650 / (_@_*1.0)"
missing operand at _@_
in expression "650 / (_@_*1.0)"
missing operand at _@_
in expression "650 / (_@_*1.0)"
missing operand at _@_
in expression "650 / (_@_*1.0)"
missing operand at _@_
in expression "650 / (_@_*1.0)"
missing operand at _@_
in expression "650 / (_@_*1.0)"
missing operand at _@_
in expression "650 / (_@_*1.0)"
missing operand at _@_
in expression "650 / (_@_*1.0)"
missing operand at _@_
in expression "650 / (_@_*1.0)"
missing operand at _@_
in expression "650 / (_@_*1.0)"
missing operand at _@_
in expression "650 / (_@_*1.0)"
missing operand at _@_
in expression "650 / (_@_*1.0)"
missing operand at _@_
in expression "650 / (_@_*1.0)"
missing operand at _@_
in expression "650 / (_@_*1.0)"
missing operand at _@_
in expression "650 / (_@_*1.0)"
missing operand at _@_
in expression "650 / (_@_*1.0)"
missing operand at _@_
in expression "650 / (_@_*1.0)"
missing operand at _@_
in expression "650 / (_@_*1.0)"
missing operand at _@_
in expression "650 / (_@_*1.0)"
missing operand at _@_
in expression "650 / (_@_*1.0)"
missing operand at _@_
in expression "650 / (_@_*1.0)"
missing operand at _@_
in expression "650 / (_@_*1.0)"
missing operand at _@_
in expression "650 / (_@_*1.0)"
missing operand at _@_
in expression "650 / (_@_*1.0)"
missing operand at _@_
in expression "650 / (_@_*1.0)"
missing operand at _@_
in expression "650 / (_@_*1.0)"
missing operand at _@_
in expression "650 / (_@_*1.0)"
missing operand at _@_
in expression "650 / (_@_*1.0)"
missing operand at _@_
in expression "650 / (_@_*1.0)"
missing operand at _@_
in expression "650 / (_@_*1.0)"
missing operand at _@_
in expression "650 / (_@_*1.0)"
missing operand at _@_
in expression "650 / (_@_*1.0)"
missing operand at _@_
in expression "650 / (_@_*1.0)"
missing operand at _@_
in expression "650 / (_@_*1.0)"
missing operand at _@_
in expression "650 / (_@_*1.0)"
missing operand at _@_
in expression "650 / (_@_*1.0)"
missing operand at _@_
in expression "650 / (_@_*1.0)"
missing operand at _@_
in expression "650 / (_@_*1.0)"
missing operand at _@_
in expression "650 / (_@_*1.0)"
missing operand at _@_
in expression "650 / (_@_*1.0)"
missing operand at _@_
in expression "650 / (_@_*1.0)"
missing operand at _@_
in expression "650 / (_@_*1.0)"
missing operand at _@_
in expression "650 / (_@_*1.0)"
missing operand at _@_
in expression "650 / (_@_*1.0)"
missing operand at _@_
in expression "650 / (_@_*1.0)"
missing operand at _@_
in expression "650 / (_@_*1.0)"
missing operand at _@_
in expression "650 / (_@_*1.0)"
missing operand at _@_
in expression "650 / (_@_*1.0)"
missing operand at _@_
in expression "650 / (_@_*1.0)"
missing operand at _@_
in expression "650 / (_@_*1.0)"
missing operand at _@_
in expression "650 / (_@_*1.0)"
missing operand at _@_
in expression "650 / (_@_*1.0)"
missing operand at _@_
in expression "650 / (_@_*1.0)"
missing operand at _@_
in expression "650 / (_@_*1.0)"
missing operand at _@_
in expression "650 / (_@_*1.0)"
missing operand at _@_
in expression "650 / (_@_*1.0)"
missing operand at _@_
in expression "650 / (_@_*1.0)"
missing operand at _@_
in expression "650 / (_@_*1.0)"
missing operand at _@_
in expression "650 / (_@_*1.0)"
missing operand at _@_
in expression "650 / (_@_*1.0)"
missing operand at _@_
in expression "650 / (_@_*1.0)"
missing operand at _@_
in expression "650 / (_@_*1.0)"
missing operand at _@_
in expression "650 / (_@_*1.0)"
missing operand at _@_
in expression "650 / (_@_*1.0)"
missing operand at _@_
in expression "650 / (_@_*1.0)"
missing operand at _@_
in expression "650 / (_@_*1.0)"
missing operand at _@_
in expression "650 / (_@_*1.0)"
missing operand at _@_
in expression "650 / (_@_*1.0)"
missing operand at _@_
in expression "650 / (_@_*1.0)"
missing operand at _@_
in expression "650 / (_@_*1.0)"
missing operand at _@_
in expression "650 / (_@_*1.0)"
missing operand at _@_
in expression "650 / (_@_*1.0)"
missing operand at _@_
in expression "650 / (_@_*1.0)"
missing operand at _@_
in expression "650 / (_@_*1.0)"
missing operand at _@_
in expression "650 / (_@_*1.0)"
missing operand at _@_
in expression "650 / (_@_*1.0)"
missing operand at _@_
in expression "650 / (_@_*1.0)"
missing operand at _@_
in expression "650 / (_@_*1.0)"
missing operand at _@_
in expression "650 / (_@_*1.0)"
missing operand at _@_
in expression "650 / (_@_*1.0)"
missing operand at _@_
in expression "650 / (_@_*1.0)"
missing operand at _@_
in expression "650 / (_@_*1.0)"
missing operand at _@_
in expression "650 / (_@_*1.0)"
missing operand at _@_
in expression "650 / (_@_*1.0)"
missing operand at _@_
in expression "650 / (_@_*1.0)"
WARNING: [IP_Flow 19-474] Invalid Parameter 'Component_Name'
startgroup
set_property -dict [list CONFIG.PCW_FPGA1_PERIPHERAL_FREQMHZ {250}] [get_bd_cells processing_system7_0]
endgroup
connect_bd_net [get_bd_pins processing_system7_0/FCLK_CLK1] [get_bd_pins clk_wiz_0/clk_in1]
startgroup
set_property -dict [list CONFIG.PRIM_IN_FREQ.VALUE_SRC USER] [get_bd_cells clk_wiz_0]
set_property -dict [list CONFIG.PRIM_IN_FREQ {250} CONFIG.CLKIN1_JITTER_PS {40.0} CONFIG.MMCM_CLKFBOUT_MULT_F {4.000} CONFIG.MMCM_CLKIN1_PERIOD {4.000} CONFIG.MMCM_CLKIN2_PERIOD {10.0} CONFIG.CLKOUT1_JITTER {107.111} CONFIG.CLKOUT1_PHASE_ERROR {85.928}] [get_bd_cells clk_wiz_0]
endgroup
startgroup
set_property -dict [list CONFIG.PRIMITIVE {PLL} CONFIG.CLKOUT1_DRIVES {BUFG} CONFIG.CLKOUT2_DRIVES {BUFG} CONFIG.CLKOUT3_DRIVES {BUFG} CONFIG.CLKOUT4_DRIVES {BUFG} CONFIG.CLKOUT5_DRIVES {BUFG} CONFIG.CLKOUT6_DRIVES {BUFG} CONFIG.CLKOUT7_DRIVES {BUFG} CONFIG.MMCM_DIVCLK_DIVIDE {5} CONFIG.MMCM_BANDWIDTH {OPTIMIZED} CONFIG.MMCM_CLKFBOUT_MULT_F {18} CONFIG.MMCM_COMPENSATION {ZHOLD} CONFIG.MMCM_CLKOUT0_DIVIDE_F {9} CONFIG.CLKOUT1_JITTER {167.067} CONFIG.CLKOUT1_PHASE_ERROR {161.614}] [get_bd_cells clk_wiz_0]
endgroup
startgroup
set_property -dict [list CONFIG.CLKOUT2_USED {true} CONFIG.CLKOUT1_REQUESTED_OUT_FREQ {400} CONFIG.CLKOUT2_REQUESTED_OUT_FREQ {200} CONFIG.MMCM_CLKFBOUT_MULT_F {24} CONFIG.MMCM_CLKOUT0_DIVIDE_F {3} CONFIG.MMCM_CLKOUT1_DIVIDE {6} CONFIG.NUM_OUT_CLKS {2} CONFIG.CLKOUT1_JITTER {106.120} CONFIG.CLKOUT1_PHASE_ERROR {154.678} CONFIG.CLKOUT2_JITTER {119.393} CONFIG.CLKOUT2_PHASE_ERROR {154.678}] [get_bd_cells clk_wiz_0]
endgroup
startgroup
set_property -dict [list CONFIG.CLKOUT1_DRIVES {BUFHCE} CONFIG.CLKOUT2_DRIVES {BUFHCE} CONFIG.FEEDBACK_SOURCE {FDBK_AUTO}] [get_bd_cells clk_wiz_0]
endgroup
startgroup
set_property -dict [list CONFIG.CLKOUT1_DRIVES {BUFG} CONFIG.CLKOUT2_DRIVES {BUFG} CONFIG.FEEDBACK_SOURCE {FDBK_AUTO}] [get_bd_cells clk_wiz_0]
endgroup
connect_bd_net [get_bd_pins clk_wiz_0/clk_out1] [get_bd_pins DPUCZDX8G_0/dpu_2x_clk]
set_property location {2 493 255} [get_bd_cells DPUCZDX8G_0]
set_property location {2 487 244} [get_bd_cells DPUCZDX8G_0]
set_property location {3 970 261} [get_bd_cells processing_system7_0]
set_property location {3 969 248} [get_bd_cells processing_system7_0]
startgroup
set_property location {1337 262} [get_bd_ports emio_i]
set_property location {1337 302} [get_bd_ports emio_t]
set_property location {1337 102} [get_bd_ports eth0_gmii_tx_en]
set_property location {1337 382} [get_bd_ports eth0_clk]
set_property location {1337 252} [get_bd_ports emio_o]
set_property location {1337 222} [get_bd_intf_ports eth0_mdio]
set_property location {1337 142} [get_bd_ports eth0_gmii_rx_clk]
set_property location {1337 292} [get_bd_ports eth0_gmii_txd]
set_property location {1337 182} [get_bd_ports eth0_gmii_tx_clk]
set_property location {1337 342} [get_bd_intf_ports fixed_io]
set_property location {1337 372} [get_bd_intf_ports ddr]
set_property location {1337 212} [get_bd_ports eth0_gmii_rxd]
set_property location {1337 132} [get_bd_ports eth0_gmii_rx_dv]
endgroup
undo
INFO: [Common 17-17] undo 'endgroup'
INFO: [Common 17-17] undo 'set_property location {1337 132} [get_bd_ports eth0_gmii_rx_dv]'
INFO: [Common 17-17] undo 'set_property location {1337 212} [get_bd_ports eth0_gmii_rxd]'
INFO: [Common 17-17] undo 'set_property location {1337 372} [get_bd_intf_ports ddr]'
INFO: [Common 17-17] undo 'set_property location {1337 342} [get_bd_intf_ports fixed_io]'
INFO: [Common 17-17] undo 'set_property location {1337 182} [get_bd_ports eth0_gmii_tx_clk]'
INFO: [Common 17-17] undo 'set_property location {1337 292} [get_bd_ports eth0_gmii_txd]'
INFO: [Common 17-17] undo 'set_property location {1337 142} [get_bd_ports eth0_gmii_rx_clk]'
INFO: [Common 17-17] undo 'set_property location {1337 222} [get_bd_intf_ports eth0_mdio]'
INFO: [Common 17-17] undo 'set_property location {1337 252} [get_bd_ports emio_o]'
INFO: [Common 17-17] undo 'set_property location {1337 382} [get_bd_ports eth0_clk]'
INFO: [Common 17-17] undo 'set_property location {1337 102} [get_bd_ports eth0_gmii_tx_en]'
INFO: [Common 17-17] undo 'set_property location {1337 302} [get_bd_ports emio_t]'
INFO: [Common 17-17] undo 'set_property location {1337 262} [get_bd_ports emio_i]'
INFO: [Common 17-17] undo 'startgroup'
set_property location {1348 327} [get_bd_intf_ports ddr]
set_property location {1337 323} [get_bd_intf_ports ddr]
set_property location {1334 334} [get_bd_intf_ports fixed_io]
set_property location {1332 374} [get_bd_ports eth0_clk]
set_property location {1334 386} [get_bd_ports eth0_clk]
set_property location {1335 382} [get_bd_ports eth0_clk]
set_property location {1326 342} [get_bd_intf_ports fixed_io]
set_property location {1334 322} [get_bd_intf_ports ddr]
set_property location {1328 296} [get_bd_ports emio_t]
set_property location {1328 279} [get_bd_ports emio_o]
set_property location {1337 267} [get_bd_ports emio_i]
set_property location {1324 264} [get_bd_ports emio_i]
set_property location {1331 228} [get_bd_intf_ports eth0_mdio]
set_property location {1332 217} [get_bd_intf_ports eth0_mdio]
set_property location {1339 201} [get_bd_ports eth0_gmii_tx_clk]
set_property location {1339 210} [get_bd_intf_ports eth0_mdio]
undo
INFO: [Common 17-17] undo 'set_property location {1339 210} [get_bd_intf_ports eth0_mdio]'
undo
INFO: [Common 17-17] undo 'set_property location {1339 201} [get_bd_ports eth0_gmii_tx_clk]'
undo
INFO: [Common 17-17] undo 'set_property location {1332 217} [get_bd_intf_ports eth0_mdio]'
undo
INFO: [Common 17-17] undo 'set_property location {1331 228} [get_bd_intf_ports eth0_mdio]'
connect_bd_net [get_bd_pins DPUCZDX8G_0/s_axi_aclk] [get_bd_pins processing_system7_0/FCLK_CLK1]
connect_bd_net [get_bd_pins clk_wiz_0/clk_out2] [get_bd_pins DPUCZDX8G_0/m_axi_dpu_aclk]
delete_bd_objs [get_bd_nets clk_wiz_0_clk_out2]
regenerate_bd_layout -routing
WARNING: [IP_Flow 19-474] Invalid Parameter 'Component_Name'
startgroup
set_property -dict [list CONFIG.PCW_USE_S_AXI_ACP {1}] [get_bd_cells processing_system7_0]
endgroup
WARNING: [IP_Flow 19-474] Invalid Parameter 'Component_Name'
startgroup
endgroup
WARNING: [IP_Flow 19-474] Invalid Parameter 'Component_Name'
startgroup
set_property -dict [list CONFIG.PCW_S_AXI_HP2_DATA_WIDTH {32}] [get_bd_cells processing_system7_0]
endgroup
set_property location {1 88 285} [get_bd_cells clk_wiz_0]
set_property location {1 121 395} [get_bd_cells clk_wiz_0]
connect_bd_net [get_bd_pins DPUCZDX8G_0/m_axi_dpu_aclk] [get_bd_pins clk_wiz_0/clk_out2]
set_property location {1 57 318} [get_bd_cells clk_wiz_0]
set_property location {1 126 283} [get_bd_cells clk_wiz_0]
set_property location {0.5 -19 283} [get_bd_cells clk_wiz_0]
WARNING: [IP_Flow 19-474] Invalid Parameter 'Component_Name'
startgroup
set_property -dict [list CONFIG.PCW_USE_S_AXI_ACP {0}] [get_bd_cells processing_system7_0]
endgroup
connect_bd_net [get_bd_pins processing_system7_0/S_AXI_HP0_ACLK] [get_bd_pins clk_wiz_0/clk_out2]
connect_bd_net [get_bd_pins processing_system7_0/S_AXI_HP1_ACLK] [get_bd_pins clk_wiz_0/clk_out2]
connect_bd_net [get_bd_pins processing_system7_0/S_AXI_HP2_ACLK] [get_bd_pins clk_wiz_0/clk_out2]
connect_bd_net [get_bd_pins processing_system7_0/M_AXI_GP0_ACLK] [get_bd_pins clk_wiz_0/clk_out2]
disconnect_bd_net /clk_wiz_0_clk_out2 [get_bd_pins processing_system7_0/M_AXI_GP0_ACLK]
connect_bd_net [get_bd_pins processing_system7_0/M_AXI_GP0_ACLK] [get_bd_pins processing_system7_0/FCLK_CLK1]
startgroup
create_bd_cell -type ip -vlnv xilinx.com:ip:proc_sys_reset:5.0 proc_sys_reset_0
endgroup
set_property location {1.5 211 476} [get_bd_cells proc_sys_reset_0]
set_property location {3 586 519} [get_bd_cells proc_sys_reset_0]
regenerate_bd_layout -routing
startgroup
create_bd_cell -type ip -vlnv xilinx.com:ip:proc_sys_reset:5.0 proc_sys_reset_1
endgroup
set_property location {1 158 684} [get_bd_cells proc_sys_reset_0]
startgroup
set_property location {2 497 677} [get_bd_cells proc_sys_reset_0]
set_property location {2 497 497} [get_bd_cells proc_sys_reset_1]
endgroup
startgroup
connect_bd_net [get_bd_pins processing_system7_0/FCLK_RESET0_N] [get_bd_pins proc_sys_reset_1/ext_reset_in]
connect_bd_net [get_bd_pins processing_system7_0/FCLK_RESET0_N] [get_bd_pins proc_sys_reset_1/aux_reset_in]
connect_bd_net [get_bd_pins processing_system7_0/FCLK_RESET0_N] [get_bd_pins proc_sys_reset_1/mb_debug_sys_rst]
connect_bd_net [get_bd_pins processing_system7_0/FCLK_RESET0_N] [get_bd_pins proc_sys_reset_1/dcm_locked]
connect_bd_net [get_bd_pins processing_system7_0/FCLK_RESET0_N] [get_bd_pins proc_sys_reset_0/ext_reset_in]
connect_bd_net [get_bd_pins processing_system7_0/FCLK_RESET0_N] [get_bd_pins proc_sys_reset_0/aux_reset_in]
connect_bd_net [get_bd_pins processing_system7_0/FCLK_RESET0_N] [get_bd_pins proc_sys_reset_0/mb_debug_sys_rst]
connect_bd_net [get_bd_pins processing_system7_0/FCLK_RESET0_N] [get_bd_pins proc_sys_reset_0/dcm_locked]
endgroup
undo
INFO: [Common 17-17] undo 'endgroup'
INFO: [Common 17-17] undo 'connect_bd_net [get_bd_pins processing_system7_0/FCLK_RESET0_N] [get_bd_pins proc_sys_reset_0/dcm_locked]'
INFO: [Common 17-17] undo 'connect_bd_net [get_bd_pins processing_system7_0/FCLK_RESET0_N] [get_bd_pins proc_sys_reset_0/mb_debug_sys_rst]'
INFO: [Common 17-17] undo 'connect_bd_net [get_bd_pins processing_system7_0/FCLK_RESET0_N] [get_bd_pins proc_sys_reset_0/aux_reset_in]'
INFO: [Common 17-17] undo 'connect_bd_net [get_bd_pins processing_system7_0/FCLK_RESET0_N] [get_bd_pins proc_sys_reset_0/ext_reset_in]'
INFO: [Common 17-17] undo 'connect_bd_net [get_bd_pins processing_system7_0/FCLK_RESET0_N] [get_bd_pins proc_sys_reset_1/dcm_locked]'
INFO: [Common 17-17] undo 'connect_bd_net [get_bd_pins processing_system7_0/FCLK_RESET0_N] [get_bd_pins proc_sys_reset_1/mb_debug_sys_rst]'
INFO: [Common 17-17] undo 'connect_bd_net [get_bd_pins processing_system7_0/FCLK_RESET0_N] [get_bd_pins proc_sys_reset_1/aux_reset_in]'
INFO: [Common 17-17] undo 'connect_bd_net [get_bd_pins processing_system7_0/FCLK_RESET0_N] [get_bd_pins proc_sys_reset_1/ext_reset_in]'
INFO: [Common 17-17] undo 'startgroup'
connect_bd_net [get_bd_pins processing_system7_0/FCLK_RESET0_N] [get_bd_pins proc_sys_reset_1/ext_reset_in]
connect_bd_net [get_bd_pins processing_system7_0/FCLK_RESET0_N] [get_bd_pins proc_sys_reset_0/ext_reset_in]
connect_bd_net [get_bd_pins clk_wiz_0/clk_out1] [get_bd_pins proc_sys_reset_1/slowest_sync_clk]
connect_bd_net [get_bd_pins proc_sys_reset_1/peripheral_aresetn] [get_bd_pins DPUCZDX8G_0/dpu_2x_resetn]
WARNING: [IP_Flow 19-474] Invalid Parameter 'Component_Name'
connect_bd_net [get_bd_pins processing_system7_0/FCLK_RESET0_N] [get_bd_pins clk_wiz_0/reset]
connect_bd_net [get_bd_pins proc_sys_reset_0/slowest_sync_clk] [get_bd_pins clk_wiz_0/clk_out2]
connect_bd_net [get_bd_pins proc_sys_reset_0/peripheral_aresetn] [get_bd_pins DPUCZDX8G_0/m_axi_dpu_aresetn]
connect_bd_net [get_bd_pins processing_system7_0/FCLK_RESET0_N] [get_bd_pins DPUCZDX8G_0/s_axi_aresetn]
