#-----------------------------------------------------------
# Vivado v2020.2 (64-bit)
# SW Build 3064766 on Wed Nov 18 09:12:47 MST 2020
# IP Build 3064653 on Wed Nov 18 14:17:31 MST 2020
# Start of session at: Wed Jul 14 14:40:35 2021
# Process ID: 2399
# Current directory: /home/dan/src/mlperf-tiny-ebaz4205/hw/build-dirty
# Command line: vivado ebaz4205_top.xpr
# Log file: /home/dan/src/mlperf-tiny-ebaz4205/hw/build-dirty/vivado.log
# Journal file: /home/dan/src/mlperf-tiny-ebaz4205/hw/build-dirty/vivado.jou
#-----------------------------------------------------------
start_gui
open_project ebaz4205_top.xpr
INFO: [Project 1-313] Project file moved from '/home/dan/src/mlperf-tiny-ebaz4205/hw/build-1' since last save.
Scanning sources...
Finished scanning sources
INFO: [IP_Flow 19-234] Refreshing IP repositories
INFO: [IP_Flow 19-1700] Loaded user IP repository '/home/dan/src/mlperf-tiny-ebaz4205/hw/IP/DPU-TRD'.
INFO: [IP_Flow 19-2313] Loaded Vivado IP repository '/home/dan/xilinx/Vivado/2020.2/data/ip'.
open_project: Time (s): cpu = 00:00:25 ; elapsed = 00:00:09 . Memory (MB): peak = 7265.797 ; gain = 68.105 ; free physical = 3702 ; free virtual = 8053
INFO: [IP_Flow 19-3899] Cannot get the environment domain name variable for the component vendor name. Setting the vendor name to 'user.org'.
update_compile_order -fileset sources_1
open_bd_design {/home/dan/src/mlperf-tiny-ebaz4205/hw/build-dirty/ebaz4205_top.srcs/sources_1/bd/system/system.bd}
Reading block design file </home/dan/src/mlperf-tiny-ebaz4205/hw/build-dirty/ebaz4205_top.srcs/sources_1/bd/system/system.bd>...
Adding component instance block -- xilinx.com:ip:processing_system7:5.5 - processing_system7_0
Adding component instance block -- xilinx.com:ip:DPUCZDX8G:3.3 - DPUCZDX8G_0
Successfully read diagram <system> from block design file </home/dan/src/mlperf-tiny-ebaz4205/hw/build-dirty/ebaz4205_top.srcs/sources_1/bd/system/system.bd>
open_bd_design: Time (s): cpu = 00:00:23 ; elapsed = 00:00:08 . Memory (MB): peak = 8610.914 ; gain = 1241.066 ; free physical = 3482 ; free virtual = 7919
startgroup
create_bd_cell -type ip -vlnv xilinx.com:ip:clk_wiz:6.0 clk_wiz_0
FALSE
ERROR: [IP_Flow 19-3188] Error occurred while initializing 'system_clk_wiz_0_0'
Tcl error in update procedure while setting value 'MMCM' on the parameter 'PRIMITIVE'. FALSE

ERROR: [IP_Flow 19-3428] Failed to create Customization object system_clk_wiz_0_0
CRITICAL WARNING: [IP_Flow 19-5622] Failed to create IP instance 'system_clk_wiz_0_0'. Failed to customize IP instance 'system_clk_wiz_0_0'. Failed to load customization data
ERROR: [BD 41-1712] Create IP failed with errors
ERROR: [BD 5-7] Error: running create_bd_cell  -vlnv xilinx.com:ip:clk_wiz:6.0 -type ip -name clk_wiz_0 .
ERROR: [Common 17-39] 'create_bd_cell' failed due to earlier errors.
endgroup
exit
INFO: [Common 17-206] Exiting Vivado at Wed Jul 14 14:42:29 2021...
